生成启动时间为 2017/8/18 9:59:03。
     1>项目“D:\TestCode\CarGpsData\CarGpsData\CarGpsData.vcxproj”在节点 2 上(Rebuild 个目标)。
     1>ClCompile:
         D:\Program Files (x86)\Microsoft Visual Studio 11.0\VC\bin\CL.exe /c /I"C:\Program Files\MySQL\MySQL Server 5.7\include" /ZI /nologo /W3 /WX- /sdl /Od /Oy- /D WIN32 /D _DEBUG /D _CONSOLE /D _UNICODE /D UNICODE /Gm /EHsc /RTC1 /MDd /GS /fp:precise /Zc:wchar_t /Zc:forScope /Yc"stdafx.h" /Fp"Debug\CarGpsData.pch" /Fo"Debug\\" /Fd"Debug\vc110.pdb" /Gd /TP /analyze- /errorReport:prompt /D _CRT_SECURE_NO_WARNINGS stdafx.cpp
         stdafx.cpp
         D:\Program Files (x86)\Microsoft Visual Studio 11.0\VC\bin\CL.exe /c /I"C:\Program Files\MySQL\MySQL Server 5.7\include" /ZI /nologo /W3 /WX- /sdl /Od /Oy- /D WIN32 /D _DEBUG /D _CONSOLE /D _UNICODE /D UNICODE /Gm /EHsc /RTC1 /MDd /GS /fp:precise /Zc:wchar_t /Zc:forScope /Fo"Debug\\" /Fd"Debug\vc110.pdb" /Gd /TP /analyze- /errorReport:prompt /D _CRT_SECURE_NO_WARNINGS CarGpsData.cpp CarGpsFile\CarGpsFile.cpp CarGpsSocket\CarGpsSocket.cpp CarGpsSql\CarGpsSql.cpp CarGpsUtilFunc\CarGpsUtil.cpp
         CarGpsUtil.cpp
     1>d:\testcode\cargpsdata\cargpsdata\cargpsutilfunc\cargpsutil.h(7): warning C4067: 预处理器指令后有意外标记 - 应输入换行符
     1>d:\testcode\cargpsdata\cargpsdata\cargpsutilfunc\cargpsutil.cpp(39): warning C4018: “<=”: 有符号/无符号不匹配
     1>d:\testcode\cargpsdata\cargpsdata\cargpsutilfunc\cargpsutil.cpp(50): warning C4018: “<=”: 有符号/无符号不匹配
         CarGpsSql.cpp
         CarGpsSocket.cpp
         CarGpsFile.cpp
         CarGpsData.cpp
     1>d:\testcode\cargpsdata\cargpsdata\cargpsutilfunc\cargpsutil.h(7): warning C4067: 预处理器指令后有意外标记 - 应输入换行符
         正在生成代码...
       Link:
         D:\Program Files (x86)\Microsoft Visual Studio 11.0\VC\bin\link.exe /ERRORREPORT:PROMPT /OUT:"D:\TestCode\CarGpsData\Debug\CarGpsData.exe" /INCREMENTAL /NOLOGO /LIBPATH:"C:\Program Files\MySQL\MySQL Server 5.7\lib" ws2_32.lib libmysql.lib kernel32.lib user32.lib gdi32.lib winspool.lib comdlg32.lib advapi32.lib shell32.lib ole32.lib oleaut32.lib uuid.lib odbc32.lib odbccp32.lib /MANIFEST /MANIFESTUAC:"level='asInvoker' uiAccess='false'" /manifest:embed /DEBUG /PDB:"D:\TestCode\CarGpsData\Debug\CarGpsData.pdb" /SUBSYSTEM:CONSOLE /TLBID:1 /DYNAMICBASE /NXCOMPAT /IMPLIB:"D:\TestCode\CarGpsData\Debug\CarGpsData.lib" /MACHINE:X86 Debug\CarGpsData.obj
         Debug\CarGpsFile.obj
         Debug\CarGpsSocket.obj
         Debug\CarGpsSql.obj
         Debug\CarGpsUtil.obj
         Debug\stdafx.obj
     1>CarGpsSql.obj : error LNK2019: 无法解析的外部符号 _mysql_num_rows@4，该符号在函数 "public: bool __thiscall CarGpsSql::GetPlayerRecord(void)" (?GetPlayerRecord@CarGpsSql@@QAE_NXZ) 中被引用
     1>CarGpsSql.obj : error LNK2019: 无法解析的外部符号 _mysql_init@4，该符号在函数 "public: __thiscall CarGpsSql::CarGpsSql(void)" (??0CarGpsSql@@QAE@XZ) 中被引用
     1>CarGpsSql.obj : error LNK2019: 无法解析的外部符号 _mysql_real_connect@32，该符号在函数 "public: __thiscall CarGpsSql::CarGpsSql(void)" (??0CarGpsSql@@QAE@XZ) 中被引用
     1>CarGpsSql.obj : error LNK2019: 无法解析的外部符号 _mysql_query@8，该符号在函数 "public: bool __thiscall CarGpsSql::GetPlayerRecord(void)" (?GetPlayerRecord@CarGpsSql@@QAE_NXZ) 中被引用
     1>CarGpsSql.obj : error LNK2019: 无法解析的外部符号 _mysql_store_result@4，该符号在函数 "public: bool __thiscall CarGpsSql::GetPlayerRecord(void)" (?GetPlayerRecord@CarGpsSql@@QAE_NXZ) 中被引用
     1>CarGpsSql.obj : error LNK2019: 无法解析的外部符号 _mysql_fetch_row@4，该符号在函数 "public: bool __thiscall CarGpsSql::GetPlayerRecord(void)" (?GetPlayerRecord@CarGpsSql@@QAE_NXZ) 中被引用
     1>D:\TestCode\CarGpsData\Debug\CarGpsData.exe : fatal error LNK1120: 6 个无法解析的外部命令
     1>已完成生成项目“D:\TestCode\CarGpsData\CarGpsData\CarGpsData.vcxproj”(Rebuild 个目标)的操作 - 失败。

生成失败。

已用时间 00:00:02.83
